build/app/outputs/mapping/release/mapping.txt
# compiler: R8
# compiler_version: 3.1.51
# min_api: 21
# pg_map_id: 6217e23
# common_typos_disable
# {"id":"com.android.tools.r8.mapping","version":"1.0"}
...
kotlin.ranges.RangesKt -> o8.d:
    int coerceAtLeast(int,int) -> coerceAtLeast
      # {"id":"com.android.tools.r8.synthesized"}
    long coerceAtLeast(long,long) -> coerceAtLeast
      # {"id":"com.android.tools.r8.synthesized"}
    int coerceAtMost(int,int) -> coerceAtMost
      # {"id":"com.android.tools.r8.synthesized"}
    long coerceAtMost(long,long) -> coerceAtMost
      # {"id":"com.android.tools.r8.synthesized"}
    int coerceIn(int,int,int) -> coerceIn
      # {"id":"com.android.tools.r8.synthesized"}
    kotlin.ranges.IntProgression downTo(int,int) -> downTo
      # {"id":"com.android.tools.r8.synthesized"}
    int random(kotlin.ranges.IntRange,kotlin.random.Random) -> random
      # {"id":"com.android.tools.r8.synthesized"}
    kotlin.ranges.IntProgression step(kotlin.ranges.IntProgression,int) -> step
      # {"id":"com.android.tools.r8.synthesized"}
    kotlin.ranges.IntRange until(int,int) -> until
      # {"id":"com.android.tools.r8.synthesized"}
kotlin.ranges.RangesKt__RangesKt -> o8.e:
kotlin.ranges.RangesKt___RangesKt -> o8.f:
kotlin.reflect.KAnnotatedElement -> p8.a:
kotlin.reflect.KCallable -> p8.b:
kotlin.reflect.KClass -> p8.c:
kotlin.reflect.KDeclarationContainer -> p8.d:
kotlin.reflect.KFunction -> p8.e:
kotlin.reflect.KProperty -> p8.g:
kotlin.reflect.KProperty0 -> p8.f:
kotlin.reflect.KType -> p8.h:
kotlin.reflect.KVisibility -> p8.i:
    kotlin.reflect.KVisibility PUBLIC -> g
    kotlin.reflect.KVisibility PROTECTED -> h
    kotlin.reflect.KVisibility INTERNAL -> i
    kotlin.reflect.KVisibility PRIVATE -> j
    kotlin.reflect.KVisibility[] $VALUES -> k
    kotlin.reflect.KVisibility[] $values() -> a
kotlin.sequences.ConstrainedOnceSequence -> q8.a:
    java.util.concurrent.atomic.AtomicReference sequenceRef -> a
kotlin.sequences.DropSequence -> q8.b:
    kotlin.sequences.Sequence sequence -> a
    int count -> b
kotlin.sequences.DropSequence$iterator$1 -> q8.b$a:
    int left -> h
    java.util.Iterator iterator -> g
    void drop() -> a
kotlin.sequences.DropTakeSequence -> q8.c:
kotlin.sequences.Sequence -> q8.d:
kotlin.sequences.SequenceBuilderIterator -> q8.e:
    java.lang.Object nextValue -> h
    int state -> g
    kotlin.coroutines.Continuation nextStep -> j
    java.util.Iterator nextIterator -> i
    java.lang.Throwable exceptionalState() -> a
    java.lang.Object nextNotReady() -> b
kotlin.sequences.SequenceScope -> q8.f:
kotlin.sequences.SequencesKt -> q8.g:
    java.lang.Iterable asIterable(kotlin.sequences.Sequence) -> asIterable
      # {"id":"com.android.tools.r8.synthesized"}
    kotlin.sequences.Sequence asSequence(java.util.Iterator) -> asSequence
      # {"id":"com.android.tools.r8.synthesized"}
    kotlin.sequences.Sequence drop(kotlin.sequences.Sequence,int) -> drop
      # {"id":"com.android.tools.r8.synthesized"}
    java.util.Iterator iterator(kotlin.jvm.functions.Function2) -> iterator
      # {"id":"com.android.tools.r8.synthesized"}
    java.lang.String joinToString$default(kotlin.sequences.Sequence,java.lang.CharSequence,java.lang.CharSequence,java.lang.CharSequence,int,java.lang.CharSequence,kotlin.jvm.functions.Function1,int,java.lang.Object) -> joinToString$default
      # {"id":"com.android.tools.r8.synthesized"}
    kotlin.sequences.Sequence map(kotlin.sequences.Sequence,kotlin.jvm.functions.Function1) -> map
      # {"id":"com.android.tools.r8.synthesized"}
    kotlin.sequences.Sequence sequence(kotlin.jvm.functions.Function2) -> sequence
      # {"id":"com.android.tools.r8.synthesized"}
    java.util.List toList(kotlin.sequences.Sequence) -> toList
      # {"id":"com.android.tools.r8.synthesized"}
kotlin.sequences.SequencesKt__SequenceBuilderKt -> q8.h:
kotlin.sequences.SequencesKt__SequenceBuilderKt$sequence$$inlined$Sequence$1 -> q8.h$a:
    kotlin.jvm.functions.Function2 $block$inlined -> a
kotlin.sequences.SequencesKt__SequencesJVMKt -> q8.i:
kotlin.sequences.SequencesKt__SequencesKt -> q8.j: