build/app/outputs/mapping/release/usage.txt
androidx.core.view.MotionEventCompat:
    public static final int ACTION_HOVER_ENTER
    public static final int ACTION_HOVER_EXIT
    public static final int ACTION_HOVER_MOVE
    public static final int ACTION_MASK
    public static final int ACTION_POINTER_DOWN
    public static final int ACTION_POINTER_INDEX_MASK
    public static final int ACTION_POINTER_INDEX_SHIFT
    public static final int ACTION_POINTER_UP
    public static final int ACTION_SCROLL
    public static final int AXIS_BRAKE
    public static final int AXIS_DISTANCE
    public static final int AXIS_GAS
    public static final int AXIS_GENERIC_1
    public static final int AXIS_GENERIC_10
    public static final int AXIS_GENERIC_11
    public static final int AXIS_GENERIC_12
    public static final int AXIS_GENERIC_13
    public static final int AXIS_GENERIC_14
    public static final int AXIS_GENERIC_15
    public static final int AXIS_GENERIC_16
    public static final int AXIS_GENERIC_2
    public static final int AXIS_GENERIC_3
    public static final int AXIS_GENERIC_4
    public static final int AXIS_GENERIC_5
    public static final int AXIS_GENERIC_6
    public static final int AXIS_GENERIC_7
    public static final int AXIS_GENERIC_8
    public static final int AXIS_GENERIC_9
    public static final int AXIS_HAT_X
    public static final int AXIS_HAT_Y
    public static final int AXIS_HSCROLL
    public static final int AXIS_LTRIGGER
    public static final int AXIS_ORIENTATION
androidx.core.view.NestedScrollingChild2
androidx.core.view.NestedScrollingChild3
androidx.core.view.NestedScrollingChild:
    public abstract boolean dispatchNestedFling(float,float,boolean)
    public abstract boolean dispatchNestedPreFling(float,float)
    public abstract boolean dispatchNestedPreScroll(int,int,int[],int[])
    public abstract boolean dispatchNestedScroll(int,int,int,int,int[])
    public abstract boolean hasNestedScrollingParent()
    public abstract void setNestedScrollingEnabled(boolean)
    public abstract boolean startNestedScroll(int)
androidx.core.view.NestedScrollingChildHelper:
    public void onDetachedFromWindow()
    public void onStopNestedScroll(android.view.View)
androidx.core.view.NestedScrollingParent:
    public abstract int getNestedScrollAxes()
androidx.core.view.PointerIconCompat$Api24Impl:
    private void <init>()
androidx.core.view.PointerIconCompat:
    public static final int TYPE_ALIAS
    public static final int TYPE_ALL_SCROLL
    public static final int TYPE_ARROW
    public static final int TYPE_CELL
    public static final int TYPE_CONTEXT_MENU
    public static final int TYPE_COPY
    public static final int TYPE_CROSSHAIR
    public static final int TYPE_DEFAULT
    public static final int TYPE_GRAB
    public static final int TYPE_GRABBING
    public static final int TYPE_HAND
    public static final int TYPE_HELP
    public static final int TYPE_HORIZONTAL_DOUBLE_ARROW
    public static final int TYPE_NO_DROP
    public static final int TYPE_NULL
    public static final int TYPE_TEXT
    public static final int TYPE_TOP_LEFT_DIAGONAL_DOUBLE_ARROW
    public static final int TYPE_TOP_RIGHT_DIAGONAL_DOUBLE_ARROW
    public static final int TYPE_VERTICAL_DOUBLE_ARROW
    public static final int TYPE_VERTICAL_TEXT
    public static final int TYPE_WAIT
    public static final int TYPE_ZOOM_IN
    public static final int TYPE_ZOOM_OUT
    public static androidx.core.view.PointerIconCompat create(android.graphics.Bitmap,float,float)
    public static androidx.core.view.PointerIconCompat load(android.content.res.Resources,int)
androidx.core.view.ScaleGestureDetectorCompat$Api19Impl
androidx.core.view.ScaleGestureDetectorCompat
androidx.core.view.ScrollingView
androidx.core.view.VelocityTrackerCompat
androidx.core.view.ViewCompat$Api15Impl:
    private void <init>()
androidx.core.view.ViewCompat$Api16Impl:
    private void <init>()
androidx.core.view.ViewCompat$Api17Impl:
    private void <init>()